#
# There is insufficient memory for the Java Runtime Environment to continue.
# Native memory allocation (malloc) failed to allocate 32744 bytes for ChunkPool::allocate
# Possible reasons:
#   The system is out of physical RAM or swap space
#   The process is running with CompressedOops enabled, and the Java Heap may be blocking the growth of the native heap
# Possible solutions:
#   Reduce memory load on the system
#   Increase physical memory or swap space
#   Check if swap backing store is full
#   Decrease Java heap size (-Xmx/-Xms)
#   Decrease number of Java threads
#   Decrease Java thread stack sizes (-Xss)
#   Set larger code cache with -XX:ReservedCodeCacheSize=
#   JVM is running with Unscaled Compressed Oops mode in which the Java heap is
#     placed in the first 4GB address space. The Java Heap base address is the
#     maximum limit for the native heap growth. Please use -XX:HeapBaseMinAddress
#     to set the Java Heap base and to place the Java Heap above 4GB virtual address.
# This output file may be truncated or incomplete.
#
#  Out of Memory Error (allocation.cpp:272), pid=18100, tid=0x0000000000003974
#
# JRE version: OpenJDK Runtime Environment (8.0_242-b01) (build 1.8.0_242-release-1644-b01)
# Java VM: OpenJDK 64-Bit Server VM (25.242-b01 mixed mode windows-amd64 compressed oops)
# Failed to write core dump. Minidumps are not enabled by default on client versions of Windows
#

---------------  T H R E A D  ---------------

Current thread (0x0000000016c04800):  JavaThread "C2 CompilerThread0" daemon [_thread_in_native, id=14708, stack(0x0000000018240000,0x0000000018340000)]

Stack: [0x0000000018240000,0x0000000018340000]
[error occurred during error reporting (printing stack bounds), id 0xc0000005]

Native frames: (J=compiled Java code, j=interpreted, Vv=VM code, C=native code)


Current CompileTask:
C2:3945514 30051       4       org.objectweb.asm.ClassReader::accept (1250 bytes)


---------------  P R O C E S S  ---------------

Java Threads: ( => current thread )
  0x0000000023bdf000 JavaThread "ForkJoinPool.commonPool-worker-3" daemon [_thread_blocked, id=9068, stack(0x00000000402d0000,0x00000000403d0000)]
  0x0000000023be4800 JavaThread "ForkJoinPool.commonPool-worker-2" daemon [_thread_blocked, id=19640, stack(0x00000000401d0000,0x00000000402d0000)]
  0x0000000023bde800 JavaThread "ForkJoinPool.commonPool-worker-1" daemon [_thread_blocked, id=1744, stack(0x00000000400d0000,0x00000000401d0000)]
  0x0000000023bd7000 JavaThread "WorkerExecutor Queue" [_thread_in_native, id=10292, stack(0x000000003ffd0000,0x00000000400d0000)]
  0x0000000023bdd800 JavaThread "Cache worker for Java compile cache (E:\android\project\Camp\.gradle\6.1.1\javaCompile)" [_thread_blocked, id=18636, stack(0x000000003fed0000,0x000000003ffd0000)]
  0x0000000023bda800 JavaThread "Cache worker for execution history cache (E:\android\project\Camp\.gradle\6.1.1\executionHistory)" [_thread_blocked, id=204, stack(0x000000003fdd0000,0x000000003fed0000)]
  0x0000000023bdc000 JavaThread "Execution worker for ':' Thread 3" [_thread_blocked, id=14292, stack(0x000000003fcd0000,0x000000003fdd0000)]
  0x0000000023bdb800 JavaThread "Execution worker for ':' Thread 2" [_thread_blocked, id=11228, stack(0x000000003fbd0000,0x000000003fcd0000)]
  0x0000000023bd9000 JavaThread "Execution worker for ':'" [_thread_in_native, id=6196, stack(0x000000003fad0000,0x000000003fbd0000)]
  0x000000001b280800 JavaThread "Cache worker for file content cache (E:\android\project\Camp\.gradle\6.1.1\fileContent)" [_thread_blocked, id=19896, stack(0x000000003f9d0000,0x000000003fad0000)]
  0x000000001b27f000 JavaThread "Cache worker for Build Output Cleanup Cache (E:\android\project\Camp\.gradle\buildOutputCleanup)" [_thread_blocked, id=17876, stack(0x000000003f8d0000,0x000000003f9d0000)]
  0x000000001b27e000 JavaThread "Build operations Thread 4" [_thread_blocked, id=9628, stack(0x000000003f7d0000,0x000000003f8d0000)]
  0x000000001b276800 JavaThread "Build operations Thread 3" [_thread_blocked, id=14860, stack(0x000000003f6d0000,0x000000003f7d0000)]
  0x000000001b27d800 JavaThread "Build operations Thread 2" [_thread_blocked, id=11344, stack(0x000000003f5d0000,0x000000003f6d0000)]
  0x000000001b27c000 JavaThread "Build operations" [_thread_blocked, id=9832, stack(0x000000003f4d0000,0x000000003f5d0000)]
  0x000000001b273800 JavaThread "Cache worker for cache directory md-rule (C:\Users\m.bandpey\.gradle\caches\6.1.1\md-rule)" [_thread_blocked, id=10484, stack(0x000000003f3d0000,0x000000003f4d0000)]
  0x000000001b27a800 JavaThread "Cache worker for cache directory md-supplier (C:\Users\m.bandpey\.gradle\caches\6.1.1\md-supplier)" [_thread_blocked, id=11708, stack(0x000000003f2d0000,0x000000003f3d0000)]
  0x000000001b276000 JavaThread "Cache worker for file hash cache (E:\android\project\Camp\.gradle\6.1.1\fileHashes)" [_thread_blocked, id=2252, stack(0x000000003f1d0000,0x000000003f2d0000)]
  0x000000001b274800 JavaThread "Cache worker for checksums cache (E:\android\project\Camp\.gradle\checksums)" [_thread_blocked, id=9456, stack(0x000000003f0d0000,0x000000003f1d0000)]
  0x000000001b273000 JavaThread "Thread-363" [_thread_blocked, id=19392, stack(0x000000003efd0000,0x000000003f0d0000)]
  0x000000001b279000 JavaThread "Stdin handler" [_thread_blocked, id=15104, stack(0x000000003eed0000,0x000000003efd0000)]
  0x000000001b277800 JavaThread "Asynchronous log dispatcher for DefaultDaemonConnection: socket connection from /127.0.0.1:59292 to /127.0.0.1:63287" [_thread_blocked, id=8792, stack(0x000000003edd0000,0x000000003eed0000)]
  0x000000001b279800 JavaThread "Cancel handler" [_thread_blocked, id=1684, stack(0x000000003ecd0000,0x000000003edd0000)]
  0x000000001b278000 JavaThread "Handler for socket connection from /127.0.0.1:59292 to /127.0.0.1:63287" [_thread_in_native, id=20076, stack(0x000000003ebd0000,0x000000003ecd0000)]
  0x0000000023bd8800 JavaThread "Daemon worker Thread 10" [_thread_in_Java, id=4916, stack(0x000000003d7d0000,0x000000003d8d0000)]
  0x0000000023bd7800 JavaThread "Daemon Thread 10" [_thread_blocked, id=13192, stack(0x000000003d4d0000,0x000000003d5d0000)]
  0x000000001b1e9000 JavaThread "MarlinRenderer Disposer" daemon [_thread_blocked, id=13620, stack(0x000000003a3d0000,0x000000003a4d0000)]
  0x000000001b1f0000 JavaThread "Java2D Disposer" daemon [_thread_blocked, id=13548, stack(0x000000003a2d0000,0x000000003a3d0000)]
  0x000000001b1e2800 JavaThread "Cache worker for Java compile cache (C:\Users\m.bandpey\.gradle\caches\6.1.1\javaCompile)" [_thread_blocked, id=7868, stack(0x000000002c5d0000,0x000000002c6d0000)]
  0x00000000193e4800 JavaThread "Cache worker for file content cache (C:\Users\m.bandpey\.gradle\caches\6.1.1\fileContent)" [_thread_blocked, id=15128, stack(0x000000002b2d0000,0x000000002b3d0000)]
  0x000000001b281000 JavaThread "Memory manager" [_thread_blocked, id=19364, stack(0x000000002b1d0000,0x000000002b2d0000)]
  0x000000001a736000 JavaThread "Cache worker for execution history cache (C:\Users\m.bandpey\.gradle\caches\6.1.1\executionHistory)" [_thread_blocked, id=14100, stack(0x0000000020530000,0x0000000020630000)]
  0x000000001a736800 JavaThread "Cache worker for file hash cache (C:\Users\m.bandpey\.gradle\caches\6.1.1\fileHashes)" [_thread_blocked, id=16992, stack(0x000000001c960000,0x000000001ca60000)]
  0x000000001a733800 JavaThread "File lock request listener" [_thread_in_native, id=13676, stack(0x000000001c860000,0x000000001c960000)]
  0x000000001a70c800 JavaThread "Cache worker for journal cache (C:\Users\m.bandpey\.gradle\caches\journal-1)" [_thread_blocked, id=15920, stack(0x000000001c760000,0x000000001c860000)]
  0x000000001a591000 JavaThread "Daemon periodic checks" [_thread_blocked, id=20104, stack(0x000000001bb60000,0x000000001bc60000)]
  0x000000001a580000 JavaThread "Incoming local TCP Connector on port 59292" [_thread_in_native, id=14276, stack(0x000000001b920000,0x000000001ba20000)]
  0x0000000018bcc800 JavaThread "Daemon health stats" [_thread_blocked, id=9180, stack(0x000000001b2e0000,0x000000001b3e0000)]
  0x00000000185b1800 JavaThread "Service Thread" daemon [_thread_blocked, id=11324, stack(0x0000000018940000,0x0000000018a40000)]
  0x0000000016c0b800 JavaThread "C1 CompilerThread2" daemon [_thread_in_vm, id=15504, stack(0x0000000018440000,0x0000000018540000)]
  0x0000000016c07800 JavaThread "C2 CompilerThread1" daemon [_thread_in_native, id=17404, stack(0x0000000018340000,0x0000000018440000)]
=>0x0000000016c04800 JavaThread "C2 CompilerThread0" daemon [_thread_in_native, id=14708, stack(0x0000000018240000,0x0000000018340000)]
  0x0000000016c03000 JavaThread "Attach Listener" daemon [_thread_blocked, id=12224, stack(0x0000000018140000,0x0000000018240000)]
  0x0000000016c53800 JavaThread "Signal Dispatcher" daemon [_thread_blocked, id=18348, stack(0x0000000018040000,0x0000000018140000)]
  0x000000000328b000 JavaThread "Finalizer" daemon [_thread_blocked, id=18952, stack(0x0000000017e50000,0x0000000017f50000)]
  0x0000000016be9000 JavaThread "Reference Handler" daemon [_thread_blocked, id=17784, stack(0x0000000017d50000,0x0000000017e50000)]
  0x000000000132d800 JavaThread "main" [_thread_blocked, id=18476, stack(0x0000000002ff0000,0x00000000030f0000)]

Other Threads:
  0x0000000016bc6000 VMThread [stack: 0x0000000017c50000,0x0000000017d50000] [id=17712]
  0x00000000185b3800 WatcherThread [stack: 0x0000000018a40000,0x0000000018b40000] [id=20092]

VM state:not at safepoint (normal execution)

VM Mutex/Monitor currently owned by a thread:  ([mutex/lock_event])
[0x000000000132c060] CodeCache_lock - owner thread: 0x0000000016c0b800
[0x00000000031918d0] Compile_lock - owner thread: 0x0000000023bd9000

heap address: 0x00000000a0000000, size: 1536 MB, Compressed Oops mode: 32-bit
Narrow klass base: 0x0000000000000000, Narrow klass shift: 3
Compressed class space size: 1073741824 Address: 0x0000000100000000

Heap:
 PSYoungGen      total 376320K, used 178597K [0x00000000e0000000, 0x0000000100000000, 0x0000000100000000)
  eden space 222208K, 49% used [0x00000000e0000000,0x00000000e6b58dc8,0x00000000ed900000)
  from space 154112K, 44% used [0x00000000f6980000,0x00000000fac90838,0x0000000100000000)
  to   space 147968K, 0% used [0x00000000ed900000,0x00000000ed900000,0x00000000f6980000)
 ParOldGen       total 332800K, used 276169K [0x00000000a0000000, 0x00000000b4500000, 0x00000000e0000000)
  object space 332800K, 82% used [0x00000000a0000000,0x00000000b0db27e0,0x00000000b4500000)
 Metaspace       used 157607K, capacity 166796K, committed 167064K, reserved 1193984K
  class space    used 19492K, capacity 21537K, committed 21680K, reserved 1048576K

Card table byte_map: [0x0000000012650000,0x0000000012960000] byte_map_base: 0x0000000012150000

Marking Bits: (ParMarkBitMap*) 0x000000005665f030
 Begin Bits: [0x0000000012f60000, 0x0000000014760000)
 End Bits:   [0x0000000014760000, 0x0000000015f60000)

Polling page: 0x0000000001310000

CodeCache: size=245760Kb used=86097Kb max_used=87036Kb free=159662Kb
 bounds [0x0000000003290000, 0x0000000008810000, 0x0000000012290000]
 total_blobs=24467 nmethods=23404 adapters=974
 compilation: enabled

Compilation events (10 events):
Event: 3944.383 Thread 0x0000000016c0b800 nmethod 30098 0x00000000063dc310 code [0x00000000063dc480, 0x00000000063dc688]
Event: 3944.389 Thread 0x0000000016c0b800 30097       1       com.android.builder.desugaring.DesugaringData::getPath (5 bytes)
Event: 3944.390 Thread 0x0000000016c0b800 nmethod 30097 0x000000000356b210 code [0x000000000356b360, 0x000000000356b470]
Event: 3944.394 Thread 0x0000000016c0b800 30099       2       java.util.concurrent.ConcurrentHashMap$KeyIterator::next (34 bytes)
Event: 3944.394 Thread 0x0000000016c0b800 nmethod 30099 0x0000000006058510 code [0x0000000006058680, 0x00000000060588d8]
Event: 3944.401 Thread 0x0000000016c0b800 30100       2       com.android.builder.desugaring.TypeDependencies::add (46 bytes)
Event: 3944.402 Thread 0x0000000016c0b800 nmethod 30100 0x00000000068529d0 code [0x0000000006852b60, 0x0000000006852ea8]
Event: 3944.406 Thread 0x0000000016c0b800 30101       2       com.android.builder.desugaring.TypeDependencies::invalidateReverseMapping (6 bytes)
Event: 3944.407 Thread 0x0000000016c0b800 nmethod 30101 0x00000000081f2b90 code [0x00000000081f2ce0, 0x00000000081f2e30]
Event: 3944.407 Thread 0x0000000016c0b800 30102       2       com.android.builder.desugaring.TypePaths::add (43 bytes)

GC Heap History (10 events):
Event: 3906.015 GC heap before
{Heap before GC invocations=35 (full 5):
 PSYoungGen      total 352256K, used 352233K [0x00000000e0000000, 0x0000000100000000, 0x0000000100000000)
  eden space 278528K, 100% used [0x00000000e0000000,0x00000000f1000000,0x00000000f1000000)
  from space 73728K, 99% used [0x00000000f1000000,0x00000000f57fa7b8,0x00000000f5800000)
  to   space 108544K, 0% used [0x00000000f9600000,0x00000000f9600000,0x0000000100000000)
 ParOldGen       total 332800K, used 201796K [0x00000000a0000000, 0x00000000b4500000, 0x00000000e0000000)
  object space 332800K, 60% used [0x00000000a0000000,0x00000000ac5112f0,0x00000000b4500000)
 Metaspace       used 136378K, capacity 144736K, committed 145304K, reserved 1175552K
  class space    used 16846K, capacity 18651K, committed 18864K, reserved 1048576K
Event: 3906.139 GC heap after
Heap after GC invocations=35 (full 5):
 PSYoungGen      total 399360K, used 80949K [0x00000000e0000000, 0x0000000100000000, 0x0000000100000000)
  eden space 290816K, 0% used [0x00000000e0000000,0x00000000e0000000,0x00000000f1c00000)
  from space 108544K, 74% used [0x00000000f9600000,0x00000000fe50d580,0x0000000100000000)
  to   space 116736K, 0% used [0x00000000f1c00000,0x00000000f1c00000,0x00000000f8e00000)
 ParOldGen       total 332800K, used 201804K [0x00000000a0000000, 0x00000000b4500000, 0x00000000e0000000)
  object space 332800K, 60% used [0x00000000a0000000,0x00000000ac5132f0,0x00000000b4500000)
 Metaspace       used 136378K, capacity 144736K, committed 145304K, reserved 1175552K
  class space    used 16846K, capacity 18651K, committed 18864K, reserved 1048576K
}
Event: 3908.487 GC heap before
{Heap before GC invocations=36 (full 5):
 PSYoungGen      total 399360K, used 371765K [0x00000000e0000000, 0x0000000100000000, 0x0000000100000000)
  eden space 290816K, 100% used [0x00000000e0000000,0x00000000f1c00000,0x00000000f1c00000)
  from space 108544K, 74% used [0x00000000f9600000,0x00000000fe50d580,0x0000000100000000)
  to   space 116736K, 0% used [0x00000000f1c00000,0x00000000f1c00000,0x00000000f8e00000)
 ParOldGen       total 332800K, used 201804K [0x00000000a0000000, 0x00000000b4500000, 0x00000000e0000000)
  object space 332800K, 60% used [0x00000000a0000000,0x00000000ac5132f0,0x00000000b4500000)
 Metaspace       used 142560K, capacity 150962K, committed 151320K, reserved 1181696K
  class space    used 17571K, capacity 19398K, committed 19504K, reserved 1048576K
Event: 3908.591 GC heap after
Heap after GC invocations=36 (full 5):
 PSYoungGen      total 369152K, used 78112K [0x00000000e0000000, 0x0000000100000000, 0x0000000100000000)
  eden space 290816K, 0% used [0x00000000e0000000,0x00000000e0000000,0x00000000f1c00000)
  from space 78336K, 99% used [0x00000000f1c00000,0x00000000f68480f8,0x00000000f6880000)
  to   space 121856K, 0% used [0x00000000f8900000,0x00000000f8900000,0x0000000100000000)
 ParOldGen       total 332800K, used 201804K [0x00000000a0000000, 0x00000000b4500000, 0x00000000e0000000)
  object space 332800K, 60% used [0x00000000a0000000,0x00000000ac5132f0,0x00000000b4500000)
 Metaspace       used 142560K, capacity 150962K, committed 151320K, reserved 1181696K
  class space    used 17571K, capacity 19398K, committed 19504K, reserved 1048576K
}
Event: 3936.610 GC heap before
{Heap before GC invocations=37 (full 5):
 PSYoungGen      total 369152K, used 368928K [0x00000000e0000000, 0x0000000100000000, 0x0000000100000000)
  eden space 290816K, 100% used [0x00000000e0000000,0x00000000f1c00000,0x00000000f1c00000)
  from space 78336K, 99% used [0x00000000f1c00000,0x00000000f68480f8,0x00000000f6880000)
  to   space 121856K, 0% used [0x00000000f8900000,0x00000000f8900000,0x0000000100000000)
 ParOldGen       total 332800K, used 201804K [0x00000000a0000000, 0x00000000b4500000, 0x00000000e0000000)
  object space 332800K, 60% used [0x00000000a0000000,0x00000000ac5132f0,0x00000000b4500000)
 Metaspace       used 149606K, capacity 158194K, committed 158616K, reserved 1187840K
  class space    used 18393K, capacity 20264K, committed 20400K, reserved 1048576K
Event: 3936.748 GC heap after
Heap after GC invocations=37 (full 5):
 PSYoungGen      total 351232K, used 121828K [0x00000000e0000000, 0x0000000100000000, 0x0000000100000000)
  eden space 229376K, 0% used [0x00000000e0000000,0x00000000e0000000,0x00000000ee000000)
  from space 121856K, 99% used [0x00000000f8900000,0x00000000ffff91a0,0x0000000100000000)
  to   space 147456K, 0% used [0x00000000ee000000,0x00000000ee000000,0x00000000f7000000)
 ParOldGen       total 332800K, used 216732K [0x00000000a0000000, 0x00000000b4500000, 0x00000000e0000000)
  object space 332800K, 65% used [0x00000000a0000000,0x00000000ad3a7068,0x00000000b4500000)
 Metaspace       used 149606K, capacity 158194K, committed 158616K, reserved 1187840K
  class space    used 18393K, capacity 20264K, committed 20400K, reserved 1048576K
}
Event: 3939.803 GC heap before
{Heap before GC invocations=38 (full 5):
 PSYoungGen      total 351232K, used 351204K [0x00000000e0000000, 0x0000000100000000, 0x0000000100000000)
  eden space 229376K, 100% used [0x00000000e0000000,0x00000000ee000000,0x00000000ee000000)
  from space 121856K, 99% used [0x00000000f8900000,0x00000000ffff91a0,0x0000000100000000)
  to   space 147456K, 0% used [0x00000000ee000000,0x00000000ee000000,0x00000000f7000000)
 ParOldGen       total 332800K, used 216732K [0x00000000a0000000, 0x00000000b4500000, 0x00000000e0000000)
  object space 332800K, 65% used [0x00000000a0000000,0x00000000ad3a7068,0x00000000b4500000)
 Metaspace       used 151420K, capacity 160066K, committed 160408K, reserved 1189888K
  class space    used 18559K, capacity 20452K, committed 20656K, reserved 1048576K
Event: 3939.893 GC heap after
Heap after GC invocations=38 (full 5):
 PSYoungGen      total 329728K, used 100068K [0x00000000e0000000, 0x0000000100000000, 0x0000000100000000)
  eden space 229376K, 0% used [0x00000000e0000000,0x00000000e0000000,0x00000000ee000000)
  from space 100352K, 99% used [0x00000000ee000000,0x00000000f41b92c8,0x00000000f4200000)
  to   space 154112K, 0% used [0x00000000f6980000,0x00000000f6980000,0x0000000100000000)
 ParOldGen       total 332800K, used 227383K [0x00000000a0000000, 0x00000000b4500000, 0x00000000e0000000)
  object space 332800K, 68% used [0x00000000a0000000,0x00000000ade0dfd0,0x00000000b4500000)
 Metaspace       used 151420K, capacity 160066K, committed 160408K, reserved 1189888K
  class space    used 18559K, capacity 20452K, committed 20656K, reserved 1048576K
}
Event: 3943.704 GC heap before
{Heap before GC invocations=39 (full 5):
 PSYoungGen      total 329728K, used 329444K [0x00000000e0000000, 0x0000000100000000, 0x0000000100000000)
  eden space 229376K, 100% used [0x00000000e0000000,0x00000000ee000000,0x00000000ee000000)
  from space 100352K, 99% used [0x00000000ee000000,0x00000000f41b92c8,0x00000000f4200000)
  to   space 154112K, 0% used [0x00000000f6980000,0x00000000f6980000,0x0000000100000000)
 ParOldGen       total 332800K, used 227383K [0x00000000a0000000, 0x00000000b4500000, 0x00000000e0000000)
  object space 332800K, 68% used [0x00000000a0000000,0x00000000ade0dfd0,0x00000000b4500000)
 Metaspace       used 156521K, capacity 165656K, committed 165784K, reserved 1193984K
  class space    used 19301K, capacity 21337K, committed 21424K, reserved 1048576K
Event: 3943.890 GC heap after
Heap after GC invocations=39 (full 5):
 PSYoungGen      total 376320K, used 68674K [0x00000000e0000000, 0x0000000100000000, 0x0000000100000000)
  eden space 222208K, 0% used [0x00000000e0000000,0x00000000e0000000,0x00000000ed900000)
  from space 154112K, 44% used [0x00000000f6980000,0x00000000fac90838,0x0000000100000000)
  to   space 147968K, 0% used [0x00000000ed900000,0x00000000ed900000,0x00000000f6980000)
 ParOldGen       total 332800K, used 276169K [0x00000000a0000000, 0x00000000b4500000, 0x00000000e0000000)
  object space 332800K, 82% used [0x00000000a0000000,0x00000000b0db27e0,0x00000000b4500000)
 Metaspace       used 156521K, capacity 165656K, committed 165784K, reserved 1193984K
  class space    used 19301K, capacity 21337K, committed 21424K, reserved 1048576K
}

Deoptimization events (10 events):
Event: 3943.893 Thread 0x0000000023bdc000 Uncommon trap: reason=unstable_if action=reinterpret pc=0x0000000004099a10 method=java.util.concurrent.ConcurrentHashMap.get(Ljava/lang/Object;)Ljava/lang/Object; @ 152
Event: 3943.893 Thread 0x0000000023bdc000 Uncommon trap: reason=array_check action=maybe_recompile pc=0x0000000003bbca58 method=java.util.Arrays.fill([Ljava/lang/Object;IILjava/lang/Object;)V @ 20
Event: 3943.900 Thread 0x0000000023bde800 Uncommon trap: reason=unstable_if action=reinterpret pc=0x0000000008765be4 method=org.objectweb.asm.ClassReader.readUtf(II[C)Ljava/lang/String; @ 41
Event: 3943.903 Thread 0x0000000023bde800 Uncommon trap: reason=unstable_if action=reinterpret pc=0x000000000714aae0 method=org.objectweb.asm.ClassReader.readUtf(II[C)Ljava/lang/String; @ 41
Event: 3943.908 Thread 0x0000000023bdf000 Uncommon trap: reason=unstable_if action=reinterpret pc=0x000000000875df2c method=org.objectweb.asm.ClassReader.readUtf(II[C)Ljava/lang/String; @ 41
Event: 3943.967 Thread 0x0000000023bdc000 Uncommon trap: reason=unstable_if action=reinterpret pc=0x00000000086c384c method=com.android.tools.r8.utils.W.d(I)Z @ 45
Event: 3943.974 Thread 0x0000000023bd9000 Uncommon trap: reason=unstable_if action=reinterpret pc=0x00000000086c3b00 method=com.android.tools.r8.utils.W.d(I)Z @ 45
Event: 3944.077 Thread 0x0000000023bdf000 Uncommon trap: reason=unstable_if action=reinterpret pc=0x00000000087fbf64 method=org.objectweb.asm.ClassReader.readUtf(II[C)Ljava/lang/String; @ 69
Event: 3944.090 Thread 0x0000000023bdf000 Uncommon trap: reason=unstable_if action=reinterpret pc=0x00000000087fa7dc method=org.objectweb.asm.ClassReader.readUtf(II[C)Ljava/lang/String; @ 69
Event: 3944.238 Thread 0x0000000023be4800 Uncommon trap: reason=unstable_if action=reinterpret pc=0x00000000087cdf84 method=org.objectweb.asm.ClassReader.<init>([BIZ)V @ 350

Classes redefined (0 events):
No events

Internal exceptions (10 events):
Event: 3940.736 Thread 0x0000000023bd8800 Exception <a 'sun/nio/fs/WindowsException'> (0x00000000e1e45040) thrown at [C:\src\AOSP-openjdk-git\hotspot\src\share\vm\prims\jni.cpp, line 710]
Event: 3940.748 Thread 0x0000000023bd9000 Exception <a 'sun/nio/fs/WindowsException'> (0x00000000e21f1c50) thrown at [C:\src\AOSP-openjdk-git\hotspot\src\share\vm\prims\jni.cpp, line 710]
Event: 3940.774 Thread 0x0000000023bd8800 Exception <a 'sun/nio/fs/WindowsException'> (0x00000000e1e84268) thrown at [C:\src\AOSP-openjdk-git\hotspot\src\share\vm\prims\jni.cpp, line 710]
Event: 3940.779 Thread 0x0000000023bdc000 Exception <a 'sun/nio/fs/WindowsException'> (0x00000000e21d4240) thrown at [C:\src\AOSP-openjdk-git\hotspot\src\share\vm\prims\jni.cpp, line 710]
Event: 3940.827 Thread 0x0000000023bd8800 Exception <a 'sun/nio/fs/WindowsException'> (0x00000000e1ec17c0) thrown at [C:\src\AOSP-openjdk-git\hotspot\src\share\vm\prims\jni.cpp, line 710]
Event: 3940.956 Thread 0x0000000023bd7000 Exception <a 'java/lang/NoSuchMethodError': java.lang.Object.newSystemTemporaryDirectory()Lcom/android/tools/build/apkzlib/bytestorage/TemporaryDirectory;> (0x00000000e2ba5cf8) thrown at [C:\src\AOSP-openjdk-git\hotspot\src\share\vm\interpreter\linkResolv
Event: 3941.157 Thread 0x0000000023bde800 Exception <a 'java/lang/NoSuchMethodError': java.lang.Object.lambda$static$0(Ljava/lang/String;)Z> (0x00000000e2d142a0) thrown at [C:\src\AOSP-openjdk-git\hotspot\src\share\vm\interpreter\linkResolver.cpp, line 620]
Event: 3942.018 Thread 0x0000000023bd9000 Exception <a 'sun/nio/fs/WindowsException'> (0x00000000e4ece3d8) thrown at [C:\src\AOSP-openjdk-git\hotspot\src\share\vm\prims\jni.cpp, line 710]
Event: 3942.018 Thread 0x0000000023bdc000 Exception <a 'sun/nio/fs/WindowsException'> (0x00000000e4eeb2e8) thrown at [C:\src\AOSP-openjdk-git\hotspot\src\share\vm\prims\jni.cpp, line 710]
Event: 3943.224 Thread 0x0000000023bdf000 Exception <a 'sun/nio/fs/WindowsException'> (0x00000000e46e9ee8) thrown at [C:\src\AOSP-openjdk-git\hotspot\src\share\vm\prims\jni.cpp, line 710]

Events (10 events):
Event: 3944.404 Thread 0x0000000016c0b800 flushing nmethod 0x0000000008235650
Event: 3944.405 Thread 0x0000000016c0b800 flushing nmethod 0x00000000082c5b50
Event: 3944.405 Thread 0x0000000016c0b800 flushing nmethod 0x000000000832d6d0
Event: 3944.405 Thread 0x0000000016c0b800 flushing nmethod 0x00000000083919d0
Event: 3944.405 Thread 0x0000000016c0b800 flushing nmethod 0x00000000083cd8d0
Event: 3944.405 Thread 0x0000000016c0b800 flushing nmethod 0x00000000083dd550
Event: 3944.405 Thread 0x0000000016c0b800 flushing nmethod 0x00000000083e16d0
Event: 3944.405 Thread 0x0000000016c0b800 flushing nmethod 0x0000000008455390
Event: 3944.405 Thread 0x0000000016c0b800 flushing nmethod 0x000000000849a890
Event: 3944.405 Thread 0x0000000016c0b800 flushing nmethod 0x000000000849ea90


Dynamic libraries:
0x00007ff6949f0000 - 0x00007ff694a21000 	C:\Program Files\Android\Android Studio\jre\bin\java.exe
0x00007ffacec90000 - 0x00007ffacee71000 	C:\WINDOWS\SYSTEM32\ntdll.dll
0x00007ffacc120000 - 0x00007ffacc1d1000 	C:\WINDOWS\System32\KERNEL32.DLL
0x00007ffacb150000 - 0x00007ffacb3c3000 	C:\WINDOWS\System32\KERNELBASE.dll
0x0000000058920000 - 0x00000000589b5000 	C:\WINDOWS\System32\SYSFER.DLL
0x00007fface300000 - 0x00007fface3a1000 	C:\WINDOWS\System32\ADVAPI32.dll
0x00007fface4a0000 - 0x00007fface53e000 	C:\WINDOWS\System32\msvcrt.dll
0x00007ffaceba0000 - 0x00007ffacebfb000 	C:\WINDOWS\System32\sechost.dll
0x00007ffacde50000 - 0x00007ffacdf74000 	C:\WINDOWS\System32\RPCRT4.dll
0x00007ffacd860000 - 0x00007ffacd9f0000 	C:\WINDOWS\System32\USER32.dll
0x00007ffacc090000 - 0x00007ffacc0b0000 	C:\WINDOWS\System32\win32u.dll
0x00007ffacc1e0000 - 0x00007ffacc208000 	C:\WINDOWS\System32\GDI32.dll
0x00007ffacbef0000 - 0x00007ffacc081000 	C:\WINDOWS\System32\gdi32full.dll
0x00007ffacbc60000 - 0x00007ffacbcff000 	C:\WINDOWS\System32\msvcp_win.dll
0x00007ffacbae0000 - 0x00007ffacbbd8000 	C:\WINDOWS\System32\ucrtbase.dll
0x00007ffac04c0000 - 0x00007ffac0729000 	C:\WINDOWS\WinSxS\amd64_microsoft.windows.common-controls_6595b64144ccf1df_6.0.17134.1246_none_d3ffb9d77c90723d\COMCTL32.dll
0x00007fface700000 - 0x00007ffacea21000 	C:\WINDOWS\System32\combase.dll
0x00007ffacbbe0000 - 0x00007ffacbc59000 	C:\WINDOWS\System32\bcryptPrimitives.dll
0x00007ffacc3e0000 - 0x00007ffacc40d000 	C:\WINDOWS\System32\IMM32.DLL
0x0000000055d30000 - 0x0000000055e02000 	C:\Program Files\Android\Android Studio\jre\jre\bin\msvcr100.dll
0x0000000055e90000 - 0x00000000566db000 	C:\Program Files\Android\Android Studio\jre\jre\bin\server\jvm.dll
0x00007ffacc3d0000 - 0x00007ffacc3d8000 	C:\WINDOWS\System32\PSAPI.DLL
0x00007ffab6740000 - 0x00007ffab6749000 	C:\WINDOWS\SYSTEM32\WSOCK32.dll
0x00007fface5f0000 - 0x00007fface65c000 	C:\WINDOWS\System32\WS2_32.dll
0x00007ffac64c0000 - 0x00007ffac64e3000 	C:\WINDOWS\SYSTEM32\WINMM.dll
0x00007ffac8e30000 - 0x00007ffac8e3a000 	C:\WINDOWS\SYSTEM32\VERSION.dll
0x00007ffac6490000 - 0x00007ffac64ba000 	C:\WINDOWS\SYSTEM32\WINMMBASE.dll
0x00007ffacb050000 - 0x00007ffacb099000 	C:\WINDOWS\System32\cfgmgr32.dll
0x00007ffac80e0000 - 0x00007ffac80ef000 	C:\Program Files\Android\Android Studio\jre\jre\bin\verify.dll
0x00007ffabb5b0000 - 0x00007ffabb5d9000 	C:\Program Files\Android\Android Studio\jre\jre\bin\java.dll
0x00007ffac13f0000 - 0x00007ffac1406000 	C:\Program Files\Android\Android Studio\jre\jre\bin\zip.dll
0x00007ffacc410000 - 0x00007ffacd855000 	C:\WINDOWS\System32\SHELL32.dll
0x00007fface540000 - 0x00007fface5e9000 	C:\WINDOWS\System32\shcore.dll
0x00007ffacb3d0000 - 0x00007ffacbae0000 	C:\WINDOWS\System32\windows.storage.dll
0x00007ffacdf80000 - 0x00007ffacdfd1000 	C:\WINDOWS\System32\shlwapi.dll
0x00007ffacb030000 - 0x00007ffacb041000 	C:\WINDOWS\System32\kernel.appcore.dll
0x00007ffacaf90000 - 0x00007ffacafaf000 	C:\WINDOWS\System32\profapi.dll
0x00007ffacafc0000 - 0x00007ffacb00c000 	C:\WINDOWS\System32\powrprof.dll
0x00007ffacafb0000 - 0x00007ffacafba000 	C:\WINDOWS\System32\FLTLIB.DLL
0x00007ffac1360000 - 0x00007ffac137a000 	C:\Program Files\Android\Android Studio\jre\jre\bin\net.dll
0x00007ffaca7b0000 - 0x00007ffaca816000 	C:\WINDOWS\system32\mswsock.dll
0x00007ffac0410000 - 0x00007ffac0423000 	C:\Program Files\Android\Android Studio\jre\jre\bin\nio.dll
0x00007ffab5a70000 - 0x00007ffab5a96000 	C:\Users\m.bandpey\.gradle\native\31\windows-amd64\native-platform.dll
0x00007ffac4410000 - 0x00007ffac441d000 	C:\Program Files\Android\Android Studio\jre\jre\bin\management.dll
0x00007ffaca960000 - 0x00007ffaca977000 	C:\WINDOWS\SYSTEM32\CRYPTSP.dll
0x00007ffaca360000 - 0x00007ffaca393000 	C:\WINDOWS\system32\rsaenh.dll
0x00007ffacaa90000 - 0x00007ffacaab5000 	C:\WINDOWS\SYSTEM32\bcrypt.dll
0x00007ffacae90000 - 0x00007ffacaeb8000 	C:\WINDOWS\SYSTEM32\USERENV.dll
0x00007ffaca980000 - 0x00007ffaca98b000 	C:\WINDOWS\SYSTEM32\CRYPTBASE.dll
0x00007ffaca500000 - 0x00007ffaca538000 	C:\WINDOWS\SYSTEM32\IPHLPAPI.DLL
0x00007ffacde40000 - 0x00007ffacde48000 	C:\WINDOWS\System32\NSI.dll
0x00007ffac8ea0000 - 0x00007ffac8eb6000 	C:\WINDOWS\SYSTEM32\dhcpcsvc6.DLL
0x00007ffac8e80000 - 0x00007ffac8e9a000 	C:\WINDOWS\SYSTEM32\dhcpcsvc.DLL
0x00007ffab8fd0000 - 0x00007ffab8ff4000 	C:\Program Files\Android\Android Studio\jre\jre\bin\sunec.dll
0x00007ffaca550000 - 0x00007ffaca60e000 	C:\WINDOWS\SYSTEM32\DNSAPI.dll
0x00007ffac5e10000 - 0x00007ffac5e1a000 	C:\Windows\System32\rasadhlp.dll
0x00007ffac8d60000 - 0x00007ffac8dd2000 	C:\WINDOWS\System32\fwpuclnt.dll
0x00007ffac2990000 - 0x00007ffac299b000 	C:\Program Files\Android\Android Studio\jre\jre\bin\sunmscapi.dll
0x00007ffacbd00000 - 0x00007ffacbee2000 	C:\WINDOWS\System32\CRYPT32.dll
0x00007ffacb010000 - 0x00007ffacb022000 	C:\WINDOWS\System32\MSASN1.dll
0x00007ffaca050000 - 0x00007ffaca081000 	C:\WINDOWS\SYSTEM32\ntmarta.dll
0x00007ffa9e4b0000 - 0x00007ffa9e64c000 	C:\Program Files\Android\Android Studio\jre\jre\bin\awt.dll
0x00007ffacea30000 - 0x00007ffaceaf2000 	C:\WINDOWS\System32\OLEAUT32.dll
0x00007ffac94b0000 - 0x00007ffac94d9000 	C:\WINDOWS\SYSTEM32\dwmapi.dll
0x00007ffac3b80000 - 0x00007ffac4147000 	C:\WINDOWS\SYSTEM32\d2d1.dll
0x00007ffac8750000 - 0x00007ffac87db000 	C:\WINDOWS\SYSTEM32\apphelp.dll
0x00007ffac92f0000 - 0x00007ffac9388000 	C:\WINDOWS\system32\uxtheme.dll

VM Arguments:
jvm_args: -Xmx1536m -Dfile.encoding=windows-1256 -Duser.country=US -Duser.language=en -Duser.variant 
java_command: org.gradle.launcher.daemon.bootstrap.GradleDaemon 6.1.1
java_class_path (initial): C:\Users\m.bandpey\.gradle\wrapper\dists\gradle-6.1.1-all\cfmwm155h49vnt3hynmlrsdst\gradle-6.1.1\lib\gradle-launcher-6.1.1.jar
Launcher Type: SUN_STANDARD

Environment Variables:
PATH=C:\Program Files (x86)\Common Files\Oracle\Java\javapath;C:\Program Files\VanDyke Software\Clients\;C:\WINDOWS\system32;C:\WINDOWS;C:\WINDOWS\System32\Wbem;C:\WINDOWS\System32\WindowsPowerShell\v1.0\;C:\WINDOWS\System32\OpenSSH\;C:\Program Files\Git\cmd;C:\Program Files\Java\jdk-12.0.1\bin
USERNAME=m.bandpey
OS=Windows_NT
PROCESSOR_IDENTIFIER=Intel64 Family 6 Model 60 Stepping 3, GenuineIntel



---------------  S Y S T E M  ---------------

OS: Windows 10.0 , 64 bit Build 17134 (10.0.17134.753)

CPU:total 4 (initial active 4) (2 cores per cpu, 2 threads per core) family 6 model 60 stepping 3, cmov, cx8, fxsr, mmx, sse, sse2, sse3, ssse3, sse4.1, sse4.2, popcnt, avx, avx2, aes, clmul, erms, lzcnt, ht, tsc, tscinvbit, bmi1, bmi2

Memory: 4k page, physical 8325316k(498120k free), swap 16190136k(2840k free)

vm_info: OpenJDK 64-Bit Server VM (25.242-b01) for windows-amd64 JRE (1.8.0_242-release-1644-b01), built by "builder" with MS VC++ 10.0 (VS2010)

time: Tue Jul 21 15:56:54 2020
timezone: Iran Daylight Time
elapsed time: 3944 seconds (0d 1h 5m 44s)

